<?xml version="1.0" encoding="UTF-8"?>
<!-- Generated by org.testng.reporters.JUnitReportReporter -->
<testsuite skipped="0" hostname="DESKTOP-MB16O9P" name="com.zzkg.cases.gift.ExchangeGift" tests="3" failures="0" timestamp="25 八月 2017 02:07:33 GMT" time="3.384" errors="0">
  <testcase name="zeroNumber" time="0.871" classname="com.zzkg.cases.gift.ExchangeGift"/>
  <testcase name="negativeNumber" time="1.628" classname="com.zzkg.cases.gift.ExchangeGift"/>
  <testcase name="twoNumber" time="0.885" classname="com.zzkg.cases.gift.ExchangeGift"/>
</testsuite> <!-- com.zzkg.cases.gift.ExchangeGift -->
