<?xml version="1.0" encoding="UTF-8"?>
<!-- Generated by org.testng.reporters.JUnitReportReporter -->
<testsuite hostname="DESKTOP-MB16O9P" name="com.zzkg.cases.addaddress.AddAddress" tests="43" failures="0" timestamp="28 Aug 2017 07:28:11 GMT" time="18.972" errors="0">
  <testcase name="checkAddressPhone" time="0.418" classname="com.zzkg.cases.addaddress.AddAddress"/>
  <testcase name="checkAddressPhone" time="0.408" classname="com.zzkg.cases.addaddress.AddAddress"/>
  <testcase name="checkAddressPhone" time="0.418" classname="com.zzkg.cases.addaddress.AddAddress"/>
  <testcase name="checkAddressPhone" time="0.397" classname="com.zzkg.cases.addaddress.AddAddress"/>
  <testcase name="checkAddressPhone" time="0.887" classname="com.zzkg.cases.addaddress.AddAddress"/>
  <testcase name="checkAddressPhone" time="0.443" classname="com.zzkg.cases.addaddress.AddAddress"/>
  <testcase name="checkAddressPhone" time="0.399" classname="com.zzkg.cases.addaddress.AddAddress"/>
  <testcase name="checkAddressPhone" time="0.397" classname="com.zzkg.cases.addaddress.AddAddress"/>
  <testcase name="checkAddressPhone" time="0.422" classname="com.zzkg.cases.addaddress.AddAddress"/>
  <testcase name="checkAddressPhone" time="0.412" classname="com.zzkg.cases.addaddress.AddAddress"/>
  <testcase name="checkAddressPhone" time="0.406" classname="com.zzkg.cases.addaddress.AddAddress"/>
  <testcase name="checkAddressPhone" time="0.469" classname="com.zzkg.cases.addaddress.AddAddress"/>
  <testcase name="checkAddressPhone" time="0.418" classname="com.zzkg.cases.addaddress.AddAddress"/>
  <testcase name="checkAddressPhone" time="0.448" classname="com.zzkg.cases.addaddress.AddAddress"/>
  <testcase name="checkAddressPhone" time="0.406" classname="com.zzkg.cases.addaddress.AddAddress"/>
  <testcase name="checkAddressPhone" time="0.454" classname="com.zzkg.cases.addaddress.AddAddress"/>
  <testcase name="checkAddressPhone" time="0.439" classname="com.zzkg.cases.addaddress.AddAddress"/>
  <testcase name="checkAddressPhone" time="0.444" classname="com.zzkg.cases.addaddress.AddAddress"/>
  <testcase name="checkAddressPhone" time="0.404" classname="com.zzkg.cases.addaddress.AddAddress"/>
  <testcase name="checkAddressPhone" time="0.405" classname="com.zzkg.cases.addaddress.AddAddress"/>
  <testcase name="checkAddressPhone" time="0.400" classname="com.zzkg.cases.addaddress.AddAddress"/>
  <testcase name="checkAddressPhone" time="0.393" classname="com.zzkg.cases.addaddress.AddAddress"/>
  <testcase name="checkAddressPhone" time="0.512" classname="com.zzkg.cases.addaddress.AddAddress"/>
  <testcase name="checkAddressPhone" time="0.626" classname="com.zzkg.cases.addaddress.AddAddress"/>
  <testcase name="checkAddressPhone" time="0.406" classname="com.zzkg.cases.addaddress.AddAddress"/>
  <testcase name="checkAddressPhone" time="0.386" classname="com.zzkg.cases.addaddress.AddAddress"/>
  <testcase name="checkAddressPhone" time="0.415" classname="com.zzkg.cases.addaddress.AddAddress"/>
  <testcase name="checkAddressPhone" time="0.463" classname="com.zzkg.cases.addaddress.AddAddress"/>
  <testcase name="checkAddressPhone" time="0.393" classname="com.zzkg.cases.addaddress.AddAddress"/>
  <testcase name="checkAddressPhone" time="0.441" classname="com.zzkg.cases.addaddress.AddAddress"/>
  <testcase name="checkAddressPhone" time="0.417" classname="com.zzkg.cases.addaddress.AddAddress"/>
  <testcase name="checkAddressPhone" time="0.480" classname="com.zzkg.cases.addaddress.AddAddress"/>
  <testcase name="checkAddressPhone" time="0.413" classname="com.zzkg.cases.addaddress.AddAddress"/>
  <testcase name="checkAddressPhone" time="0.397" classname="com.zzkg.cases.addaddress.AddAddress"/>
  <testcase name="checkAddressPhone" time="0.426" classname="com.zzkg.cases.addaddress.AddAddress"/>
  <testcase name="checkAddressPhone" time="0.425" classname="com.zzkg.cases.addaddress.AddAddress"/>
  <testcase name="checkAddressPhone" time="0.443" classname="com.zzkg.cases.addaddress.AddAddress"/>
  <testcase name="checkAddressPhone" time="0.448" classname="com.zzkg.cases.addaddress.AddAddress"/>
  <testcase name="checkAddressPhone" time="0.426" classname="com.zzkg.cases.addaddress.AddAddress"/>
  <testcase name="checkAddressPhone" time="0.507" classname="com.zzkg.cases.addaddress.AddAddress"/>
  <testcase name="checkAddressPhone" time="0.459" classname="com.zzkg.cases.addaddress.AddAddress"/>
  <testcase name="checkAddressPhone" time="0.410" classname="com.zzkg.cases.addaddress.AddAddress"/>
  <testcase name="checkAddressPhone" time="0.392" classname="com.zzkg.cases.addaddress.AddAddress"/>
</testsuite> <!-- com.zzkg.cases.addaddress.AddAddress -->
