<?xml version="1.0" encoding="UTF-8"?>
<!-- Generated by org.testng.reporters.JUnitReportReporter -->
<testsuite skipped="0" hostname="DESKTOP-M6L880B" name="cases.NewTest" tests="2" failures="0" timestamp="19 八月 2017 01:16:18 GMT" time="0.008" errors="0">
  <testcase name="one" time="0.005" classname="cases.NewTest"/>
  <testcase name="two" time="0.003" classname="cases.NewTest"/>
</testsuite> <!-- cases.NewTest -->
