<?xml version="1.0" encoding="UTF-8"?>
<!-- Generated by org.testng.reporters.JUnitReportReporter -->
<testsuite skipped="0" hostname="DESKTOP-MB16O9P" name="test.NewTest" tests="1" failures="0" timestamp="05 九月 2017 08:36:36 GMT" time="0.425" errors="0">
  <testcase name="test" time="0.425" classname="test.NewTest"/>
</testsuite> <!-- test.NewTest -->
