<?xml version="1.0" encoding="UTF-8"?>
<!-- Generated by org.testng.reporters.JUnitReportReporter -->
<testsuite skipped="0" hostname="DESKTOP-MB16O9P" name="test.S" tests="1" failures="0" timestamp="05 九月 2017 09:27:22 GMT" time="0.901" errors="0">
  <testcase name="checkAddAddress" time="0.901" classname="test.S"/>
</testsuite> <!-- test.S -->
