<?xml version="1.0" encoding="UTF-8"?>
<!-- Generated by org.testng.reporters.JUnitReportReporter -->
<testsuite skipped="0" hostname="DESKTOP-M6L880B" name="com.zzkg.cases.gift.ExchangeGift" tests="2" failures="0" timestamp="24 八月 2017 15:27:27 GMT" time="2.352" errors="0">
  <testcase name="negativeNumber" time="1.494" classname="com.zzkg.cases.gift.ExchangeGift"/>
  <testcase name="zeroNumber" time="0.858" classname="com.zzkg.cases.gift.ExchangeGift"/>
</testsuite> <!-- com.zzkg.cases.gift.ExchangeGift -->
