<?xml version="1.0" encoding="UTF-8"?>
<!-- Generated by org.testng.reporters.JUnitReportReporter -->
<testsuite skipped="0" hostname="DESKTOP-MB16O9P" name="cases.CheckAddressPhone" tests="43" failures="0" timestamp="22 八月 2017 08:13:16 GMT" time="17.442" errors="0">
  <testcase name="addAddress" time="0.400" classname="cases.CheckAddressPhone"/>
  <testcase name="addAddress" time="0.408" classname="cases.CheckAddressPhone"/>
  <testcase name="addAddress" time="0.407" classname="cases.CheckAddressPhone"/>
  <testcase name="addAddress" time="0.360" classname="cases.CheckAddressPhone"/>
  <testcase name="addAddress" time="0.379" classname="cases.CheckAddressPhone"/>
  <testcase name="addAddress" time="0.376" classname="cases.CheckAddressPhone"/>
  <testcase name="addAddress" time="0.822" classname="cases.CheckAddressPhone"/>
  <testcase name="addAddress" time="0.396" classname="cases.CheckAddressPhone"/>
  <testcase name="addAddress" time="0.404" classname="cases.CheckAddressPhone"/>
  <testcase name="addAddress" time="0.414" classname="cases.CheckAddressPhone"/>
  <testcase name="addAddress" time="0.416" classname="cases.CheckAddressPhone"/>
  <testcase name="addAddress" time="0.383" classname="cases.CheckAddressPhone"/>
  <testcase name="addAddress" time="0.410" classname="cases.CheckAddressPhone"/>
  <testcase name="addAddress" time="0.422" classname="cases.CheckAddressPhone"/>
  <testcase name="addAddress" time="0.436" classname="cases.CheckAddressPhone"/>
  <testcase name="addAddress" time="0.444" classname="cases.CheckAddressPhone"/>
  <testcase name="addAddress" time="0.374" classname="cases.CheckAddressPhone"/>
  <testcase name="addAddress" time="0.361" classname="cases.CheckAddressPhone"/>
  <testcase name="addAddress" time="0.372" classname="cases.CheckAddressPhone"/>
  <testcase name="addAddress" time="0.402" classname="cases.CheckAddressPhone"/>
  <testcase name="addAddress" time="0.384" classname="cases.CheckAddressPhone"/>
  <testcase name="addAddress" time="0.405" classname="cases.CheckAddressPhone"/>
  <testcase name="addAddress" time="0.406" classname="cases.CheckAddressPhone"/>
  <testcase name="addAddress" time="0.365" classname="cases.CheckAddressPhone"/>
  <testcase name="addAddress" time="0.414" classname="cases.CheckAddressPhone"/>
  <testcase name="addAddress" time="0.363" classname="cases.CheckAddressPhone"/>
  <testcase name="addAddress" time="0.440" classname="cases.CheckAddressPhone"/>
  <testcase name="addAddress" time="0.355" classname="cases.CheckAddressPhone"/>
  <testcase name="addAddress" time="0.399" classname="cases.CheckAddressPhone"/>
  <testcase name="addAddress" time="0.386" classname="cases.CheckAddressPhone"/>
  <testcase name="addAddress" time="0.387" classname="cases.CheckAddressPhone"/>
  <testcase name="addAddress" time="0.414" classname="cases.CheckAddressPhone"/>
  <testcase name="addAddress" time="0.427" classname="cases.CheckAddressPhone"/>
  <testcase name="addAddress" time="0.374" classname="cases.CheckAddressPhone"/>
  <testcase name="addAddress" time="0.387" classname="cases.CheckAddressPhone"/>
  <testcase name="addAddress" time="0.434" classname="cases.CheckAddressPhone"/>
  <testcase name="addAddress" time="0.433" classname="cases.CheckAddressPhone"/>
  <testcase name="addAddress" time="0.402" classname="cases.CheckAddressPhone"/>
  <testcase name="addAddress" time="0.350" classname="cases.CheckAddressPhone"/>
  <testcase name="addAddress" time="0.353" classname="cases.CheckAddressPhone"/>
  <testcase name="addAddress" time="0.390" classname="cases.CheckAddressPhone"/>
  <testcase name="addAddress" time="0.389" classname="cases.CheckAddressPhone"/>
  <testcase name="addAddress" time="0.399" classname="cases.CheckAddressPhone"/>
</testsuite> <!-- cases.CheckAddressPhone -->
