<?xml version="1.0" encoding="UTF-8"?>
<!-- Generated by org.testng.reporters.JUnitReportReporter -->
<testsuite skipped="0" hostname="DESKTOP-MB16O9P" name="com.zzkg.cases.gift.ExchangeGift" tests="1" failures="0" timestamp="05 九月 2017 02:50:21 GMT" time="1.326" errors="0">
  <testcase name="exchangeGift" time="1.326" classname="com.zzkg.cases.gift.ExchangeGift"/>
</testsuite> <!-- com.zzkg.cases.gift.ExchangeGift -->
