<?xml version="1.0" encoding="UTF-8"?>
<!-- Generated by org.testng.reporters.JUnitReportReporter -->
<testsuite skipped="0" hostname="DESKTOP-M6L880B" name="cases.CheckCart" tests="1" failures="0" timestamp="20 八月 2017 13:37:08 GMT" time="0.696" errors="0">
  <testcase name="checkCart" time="0.696" classname="cases.CheckCart"/>
</testsuite> <!-- cases.CheckCart -->
