<?xml version="1.0" encoding="UTF-8"?>
<!-- Generated by org.testng.reporters.JUnitReportReporter -->
<testsuite hostname="DESKTOP-MB16O9P" name="com.zzkg.cases.cart.CheckCart" tests="1" failures="0" timestamp="23 Aug 2017 03:38:25 GMT" time="0.830" errors="0">
  <testcase name="checkCart" time="0.830" classname="com.zzkg.cases.cart.CheckCart"/>
</testsuite> <!-- com.zzkg.cases.cart.CheckCart -->
