<?xml version="1.0" encoding="UTF-8"?>
<!-- Generated by org.testng.reporters.JUnitReportReporter -->
<testsuite skipped="0" hostname="DESKTOP-MB16O9P" name="com.zzkg.cases.addaddress.CheckAddressPhone" tests="43" failures="0" timestamp="22 八月 2017 09:48:56 GMT" time="16.467" errors="0">
  <testcase name="addAddress" time="0.362" classname="com.zzkg.cases.addaddress.CheckAddressPhone"/>
  <testcase name="addAddress" time="0.351" classname="com.zzkg.cases.addaddress.CheckAddressPhone"/>
  <testcase name="addAddress" time="0.367" classname="com.zzkg.cases.addaddress.CheckAddressPhone"/>
  <testcase name="addAddress" time="0.443" classname="com.zzkg.cases.addaddress.CheckAddressPhone"/>
  <testcase name="addAddress" time="0.362" classname="com.zzkg.cases.addaddress.CheckAddressPhone"/>
  <testcase name="addAddress" time="0.346" classname="com.zzkg.cases.addaddress.CheckAddressPhone"/>
  <testcase name="addAddress" time="0.802" classname="com.zzkg.cases.addaddress.CheckAddressPhone"/>
  <testcase name="addAddress" time="0.411" classname="com.zzkg.cases.addaddress.CheckAddressPhone"/>
  <testcase name="addAddress" time="0.398" classname="com.zzkg.cases.addaddress.CheckAddressPhone"/>
  <testcase name="addAddress" time="0.384" classname="com.zzkg.cases.addaddress.CheckAddressPhone"/>
  <testcase name="addAddress" time="0.364" classname="com.zzkg.cases.addaddress.CheckAddressPhone"/>
  <testcase name="addAddress" time="0.364" classname="com.zzkg.cases.addaddress.CheckAddressPhone"/>
  <testcase name="addAddress" time="0.358" classname="com.zzkg.cases.addaddress.CheckAddressPhone"/>
  <testcase name="addAddress" time="0.373" classname="com.zzkg.cases.addaddress.CheckAddressPhone"/>
  <testcase name="addAddress" time="0.362" classname="com.zzkg.cases.addaddress.CheckAddressPhone"/>
  <testcase name="addAddress" time="0.374" classname="com.zzkg.cases.addaddress.CheckAddressPhone"/>
  <testcase name="addAddress" time="0.350" classname="com.zzkg.cases.addaddress.CheckAddressPhone"/>
  <testcase name="addAddress" time="0.373" classname="com.zzkg.cases.addaddress.CheckAddressPhone"/>
  <testcase name="addAddress" time="0.345" classname="com.zzkg.cases.addaddress.CheckAddressPhone"/>
  <testcase name="addAddress" time="0.422" classname="com.zzkg.cases.addaddress.CheckAddressPhone"/>
  <testcase name="addAddress" time="0.370" classname="com.zzkg.cases.addaddress.CheckAddressPhone"/>
  <testcase name="addAddress" time="0.371" classname="com.zzkg.cases.addaddress.CheckAddressPhone"/>
  <testcase name="addAddress" time="0.396" classname="com.zzkg.cases.addaddress.CheckAddressPhone"/>
  <testcase name="addAddress" time="0.387" classname="com.zzkg.cases.addaddress.CheckAddressPhone"/>
  <testcase name="addAddress" time="0.351" classname="com.zzkg.cases.addaddress.CheckAddressPhone"/>
  <testcase name="addAddress" time="0.358" classname="com.zzkg.cases.addaddress.CheckAddressPhone"/>
  <testcase name="addAddress" time="0.395" classname="com.zzkg.cases.addaddress.CheckAddressPhone"/>
  <testcase name="addAddress" time="0.358" classname="com.zzkg.cases.addaddress.CheckAddressPhone"/>
  <testcase name="addAddress" time="0.358" classname="com.zzkg.cases.addaddress.CheckAddressPhone"/>
  <testcase name="addAddress" time="0.356" classname="com.zzkg.cases.addaddress.CheckAddressPhone"/>
  <testcase name="addAddress" time="0.380" classname="com.zzkg.cases.addaddress.CheckAddressPhone"/>
  <testcase name="addAddress" time="0.369" classname="com.zzkg.cases.addaddress.CheckAddressPhone"/>
  <testcase name="addAddress" time="0.409" classname="com.zzkg.cases.addaddress.CheckAddressPhone"/>
  <testcase name="addAddress" time="0.359" classname="com.zzkg.cases.addaddress.CheckAddressPhone"/>
  <testcase name="addAddress" time="0.371" classname="com.zzkg.cases.addaddress.CheckAddressPhone"/>
  <testcase name="addAddress" time="0.405" classname="com.zzkg.cases.addaddress.CheckAddressPhone"/>
  <testcase name="addAddress" time="0.392" classname="com.zzkg.cases.addaddress.CheckAddressPhone"/>
  <testcase name="addAddress" time="0.360" classname="com.zzkg.cases.addaddress.CheckAddressPhone"/>
  <testcase name="addAddress" time="0.348" classname="com.zzkg.cases.addaddress.CheckAddressPhone"/>
  <testcase name="addAddress" time="0.362" classname="com.zzkg.cases.addaddress.CheckAddressPhone"/>
  <testcase name="addAddress" time="0.391" classname="com.zzkg.cases.addaddress.CheckAddressPhone"/>
  <testcase name="addAddress" time="0.349" classname="com.zzkg.cases.addaddress.CheckAddressPhone"/>
  <testcase name="addAddress" time="0.361" classname="com.zzkg.cases.addaddress.CheckAddressPhone"/>
</testsuite> <!-- com.zzkg.cases.addaddress.CheckAddressPhone -->
