<?xml version="1.0" encoding="UTF-8"?>
<!-- Generated by org.testng.reporters.JUnitReportReporter -->
<testsuite skipped="0" hostname="DESKTOP-MB16O9P" name="com.zzkg.cases.find.FindModule" tests="1" failures="0" timestamp="04 九月 2017 09:37:30 GMT" time="0.934" errors="0">
  <testcase name="quickBuy" time="0.934" classname="com.zzkg.cases.find.FindModule"/>
</testsuite> <!-- com.zzkg.cases.find.FindModule -->
