<?xml version="1.0" encoding="UTF-8"?>
<!-- Generated by org.testng.reporters.JUnitReportReporter -->
<testsuite hostname="DESKTOP-M6L880B" name="com.zzkg.cases.addaddress.CheckAddressPhone" tests="43" failures="0" timestamp="25 Aug 2017 14:38:19 GMT" time="17.581" errors="0">
  <testcase name="addAddress" time="0.453" classname="com.zzkg.cases.addaddress.CheckAddressPhone"/>
  <testcase name="addAddress" time="0.437" classname="com.zzkg.cases.addaddress.CheckAddressPhone"/>
  <testcase name="addAddress" time="0.438" classname="com.zzkg.cases.addaddress.CheckAddressPhone"/>
  <testcase name="addAddress" time="0.375" classname="com.zzkg.cases.addaddress.CheckAddressPhone"/>
  <testcase name="addAddress" time="0.407" classname="com.zzkg.cases.addaddress.CheckAddressPhone"/>
  <testcase name="addAddress" time="0.391" classname="com.zzkg.cases.addaddress.CheckAddressPhone"/>
  <testcase name="addAddress" time="0.411" classname="com.zzkg.cases.addaddress.CheckAddressPhone"/>
  <testcase name="addAddress" time="0.414" classname="com.zzkg.cases.addaddress.CheckAddressPhone"/>
  <testcase name="addAddress" time="0.455" classname="com.zzkg.cases.addaddress.CheckAddressPhone"/>
  <testcase name="addAddress" time="0.375" classname="com.zzkg.cases.addaddress.CheckAddressPhone"/>
  <testcase name="addAddress" time="0.453" classname="com.zzkg.cases.addaddress.CheckAddressPhone"/>
  <testcase name="addAddress" time="0.453" classname="com.zzkg.cases.addaddress.CheckAddressPhone"/>
  <testcase name="addAddress" time="0.424" classname="com.zzkg.cases.addaddress.CheckAddressPhone"/>
  <testcase name="addAddress" time="0.375" classname="com.zzkg.cases.addaddress.CheckAddressPhone"/>
  <testcase name="addAddress" time="0.375" classname="com.zzkg.cases.addaddress.CheckAddressPhone"/>
  <testcase name="addAddress" time="0.391" classname="com.zzkg.cases.addaddress.CheckAddressPhone"/>
  <testcase name="addAddress" time="0.375" classname="com.zzkg.cases.addaddress.CheckAddressPhone"/>
  <testcase name="addAddress" time="0.385" classname="com.zzkg.cases.addaddress.CheckAddressPhone"/>
  <testcase name="addAddress" time="0.391" classname="com.zzkg.cases.addaddress.CheckAddressPhone"/>
  <testcase name="addAddress" time="0.375" classname="com.zzkg.cases.addaddress.CheckAddressPhone"/>
  <testcase name="addAddress" time="0.390" classname="com.zzkg.cases.addaddress.CheckAddressPhone"/>
  <testcase name="addAddress" time="0.390" classname="com.zzkg.cases.addaddress.CheckAddressPhone"/>
  <testcase name="addAddress" time="0.390" classname="com.zzkg.cases.addaddress.CheckAddressPhone"/>
  <testcase name="addAddress" time="0.412" classname="com.zzkg.cases.addaddress.CheckAddressPhone"/>
  <testcase name="addAddress" time="0.422" classname="com.zzkg.cases.addaddress.CheckAddressPhone"/>
  <testcase name="addAddress" time="0.391" classname="com.zzkg.cases.addaddress.CheckAddressPhone"/>
  <testcase name="addAddress" time="0.375" classname="com.zzkg.cases.addaddress.CheckAddressPhone"/>
  <testcase name="addAddress" time="0.391" classname="com.zzkg.cases.addaddress.CheckAddressPhone"/>
  <testcase name="addAddress" time="0.375" classname="com.zzkg.cases.addaddress.CheckAddressPhone"/>
  <testcase name="addAddress" time="0.375" classname="com.zzkg.cases.addaddress.CheckAddressPhone"/>
  <testcase name="addAddress" time="0.391" classname="com.zzkg.cases.addaddress.CheckAddressPhone"/>
  <testcase name="addAddress" time="0.422" classname="com.zzkg.cases.addaddress.CheckAddressPhone"/>
  <testcase name="addAddress" time="0.438" classname="com.zzkg.cases.addaddress.CheckAddressPhone"/>
  <testcase name="addAddress" time="0.391" classname="com.zzkg.cases.addaddress.CheckAddressPhone"/>
  <testcase name="addAddress" time="0.703" classname="com.zzkg.cases.addaddress.CheckAddressPhone"/>
  <testcase name="addAddress" time="0.422" classname="com.zzkg.cases.addaddress.CheckAddressPhone"/>
  <testcase name="addAddress" time="0.391" classname="com.zzkg.cases.addaddress.CheckAddressPhone"/>
  <testcase name="addAddress" time="0.375" classname="com.zzkg.cases.addaddress.CheckAddressPhone"/>
  <testcase name="addAddress" time="0.406" classname="com.zzkg.cases.addaddress.CheckAddressPhone"/>
  <testcase name="addAddress" time="0.375" classname="com.zzkg.cases.addaddress.CheckAddressPhone"/>
  <testcase name="addAddress" time="0.406" classname="com.zzkg.cases.addaddress.CheckAddressPhone"/>
  <testcase name="addAddress" time="0.422" classname="com.zzkg.cases.addaddress.CheckAddressPhone"/>
  <testcase name="addAddress" time="0.375" classname="com.zzkg.cases.addaddress.CheckAddressPhone"/>
</testsuite> <!-- com.zzkg.cases.addaddress.CheckAddressPhone -->
