<?xml version="1.0" encoding="UTF-8"?>
<!-- Generated by org.testng.reporters.JUnitReportReporter -->
<testsuite hostname="DESKTOP-M6L880B" name="cases.CheckCart" tests="1" failures="0" timestamp="22 Aug 2017 14:20:53 GMT" time="0.652" errors="0">
  <testcase name="checkCart" time="0.652" classname="cases.CheckCart"/>
</testsuite> <!-- cases.CheckCart -->
