<?xml version="1.0" encoding="UTF-8"?>
<!-- Generated by org.testng.reporters.JUnitReportReporter -->
<testsuite skipped="0" hostname="DESKTOP-MB16O9P" name="com.zzkg.cases.cart.CheckCart" tests="1" failures="0" timestamp="22 八月 2017 09:59:25 GMT" time="0.718" errors="0">
  <testcase name="checkCart" time="0.718" classname="com.zzkg.cases.cart.CheckCart"/>
</testsuite> <!-- com.zzkg.cases.cart.CheckCart -->
