<?xml version="1.0" encoding="UTF-8"?>
<!-- Generated by org.testng.reporters.JUnitReportReporter -->
<testsuite skipped="0" hostname="DESKTOP-MB16O9P" name="com.zzkg.cases.addaddress.AddAddress" tests="1" failures="0" timestamp="05 九月 2017 08:35:13 GMT" time="44.919" errors="0">
  <testcase name="checkAddAddress" time="44.919" classname="com.zzkg.cases.addaddress.AddAddress"/>
</testsuite> <!-- com.zzkg.cases.addaddress.AddAddress -->
