<?xml version="1.0" encoding="UTF-8"?>
<!-- Generated by org.testng.reporters.JUnitReportReporter -->
<testsuite skipped="0" hostname="DESKTOP-MB16O9P" name="com.zzkg.cases.buy.BuyProcess" tests="1" failures="0" timestamp="05 九月 2017 09:09:11 GMT" time="0.920" errors="0">
  <testcase name="oneGoodsInOrder" time="0.920" classname="com.zzkg.cases.buy.BuyProcess"/>
</testsuite> <!-- com.zzkg.cases.buy.BuyProcess -->
