<?xml version="1.0" encoding="UTF-8"?>
<!-- Generated by org.testng.reporters.JUnitReportReporter -->
<testsuite skipped="0" hostname="DESKTOP-M6L880B" name="com.zzkg.cases.addaddress.AddAddress" tests="1" failures="0" timestamp="04 九月 2017 16:15:00 GMT" time="0.892" errors="0">
  <testcase name="checkAddAddress" time="0.892" classname="com.zzkg.cases.addaddress.AddAddress"/>
</testsuite> <!-- com.zzkg.cases.addaddress.AddAddress -->
