<?xml version="1.0" encoding="UTF-8"?>
<!-- Generated by org.testng.reporters.JUnitReportReporter -->
<testsuite skipped="0" hostname="DESKTOP-M6L880B" name="test.NewTest" tests="1" failures="0" timestamp="23 八月 2017 12:33:31 GMT" time="0.649" errors="0">
  <testcase name="newTest" time="0.649" classname="test.NewTest"/>
</testsuite> <!-- test.NewTest -->
