<?xml version="1.0" encoding="UTF-8"?>
<!-- Generated by org.testng.reporters.JUnitReportReporter -->
<testsuite skipped="0" hostname="DESKTOP-M6L880B" name="cases.UserLogin" tests="2" failures="0" timestamp="19 八月 2017 01:14:15 GMT" time="0.515" errors="0">
  <testcase name="loginPass" time="0.257" classname="cases.UserLogin"/>
  <testcase name="getCartInfo" time="0.258" classname="cases.UserLogin"/>
</testsuite> <!-- cases.UserLogin -->
