<?xml version="1.0" encoding="UTF-8"?>
<!-- Generated by org.testng.reporters.JUnitReportReporter -->
<testsuite skipped="0" hostname="DESKTOP-MB16O9P" name="test.NewTest" tests="1" failures="0" timestamp="23 八月 2017 10:28:12 GMT" time="0.818" errors="0">
  <testcase name="newTest" time="0.818" classname="test.NewTest"/>
</testsuite> <!-- test.NewTest -->
