<?xml version="1.0" encoding="UTF-8"?>
<!-- Generated by org.testng.reporters.JUnitReportReporter -->
<testsuite skipped="0" hostname="DESKTOP-M6L880B" name="cases.CheckAddressPhone" tests="1" failures="0" timestamp="20 八月 2017 14:47:39 GMT" time="0.532" errors="0">
  <testcase name="addAddress" time="0.532" classname="cases.CheckAddressPhone"/>
</testsuite> <!-- cases.CheckAddressPhone -->
