<?xml version="1.0" encoding="UTF-8"?>
<!-- Generated by org.testng.reporters.JUnitReportReporter -->
<testsuite hostname="DESKTOP-M6L880B" name="com.zzkg.cases.addaddress.AddAddress" tests="43" failures="0" timestamp="27 Aug 2017 15:16:41 GMT" time="17.725" errors="0">
  <testcase name="checkAddressPhone" time="0.392" classname="com.zzkg.cases.addaddress.AddAddress"/>
  <testcase name="checkAddressPhone" time="0.406" classname="com.zzkg.cases.addaddress.AddAddress"/>
  <testcase name="checkAddressPhone" time="0.391" classname="com.zzkg.cases.addaddress.AddAddress"/>
  <testcase name="checkAddressPhone" time="0.406" classname="com.zzkg.cases.addaddress.AddAddress"/>
  <testcase name="checkAddressPhone" time="0.750" classname="com.zzkg.cases.addaddress.AddAddress"/>
  <testcase name="checkAddressPhone" time="0.426" classname="com.zzkg.cases.addaddress.AddAddress"/>
  <testcase name="checkAddressPhone" time="0.411" classname="com.zzkg.cases.addaddress.AddAddress"/>
  <testcase name="checkAddressPhone" time="0.422" classname="com.zzkg.cases.addaddress.AddAddress"/>
  <testcase name="checkAddressPhone" time="0.406" classname="com.zzkg.cases.addaddress.AddAddress"/>
  <testcase name="checkAddressPhone" time="0.359" classname="com.zzkg.cases.addaddress.AddAddress"/>
  <testcase name="checkAddressPhone" time="0.438" classname="com.zzkg.cases.addaddress.AddAddress"/>
  <testcase name="checkAddressPhone" time="0.469" classname="com.zzkg.cases.addaddress.AddAddress"/>
  <testcase name="checkAddressPhone" time="0.406" classname="com.zzkg.cases.addaddress.AddAddress"/>
  <testcase name="checkAddressPhone" time="0.390" classname="com.zzkg.cases.addaddress.AddAddress"/>
  <testcase name="checkAddressPhone" time="0.406" classname="com.zzkg.cases.addaddress.AddAddress"/>
  <testcase name="checkAddressPhone" time="0.438" classname="com.zzkg.cases.addaddress.AddAddress"/>
  <testcase name="checkAddressPhone" time="0.406" classname="com.zzkg.cases.addaddress.AddAddress"/>
  <testcase name="checkAddressPhone" time="0.401" classname="com.zzkg.cases.addaddress.AddAddress"/>
  <testcase name="checkAddressPhone" time="0.376" classname="com.zzkg.cases.addaddress.AddAddress"/>
  <testcase name="checkAddressPhone" time="0.360" classname="com.zzkg.cases.addaddress.AddAddress"/>
  <testcase name="checkAddressPhone" time="0.352" classname="com.zzkg.cases.addaddress.AddAddress"/>
  <testcase name="checkAddressPhone" time="0.455" classname="com.zzkg.cases.addaddress.AddAddress"/>
  <testcase name="checkAddressPhone" time="0.438" classname="com.zzkg.cases.addaddress.AddAddress"/>
  <testcase name="checkAddressPhone" time="0.438" classname="com.zzkg.cases.addaddress.AddAddress"/>
  <testcase name="checkAddressPhone" time="0.406" classname="com.zzkg.cases.addaddress.AddAddress"/>
  <testcase name="checkAddressPhone" time="0.390" classname="com.zzkg.cases.addaddress.AddAddress"/>
  <testcase name="checkAddressPhone" time="0.347" classname="com.zzkg.cases.addaddress.AddAddress"/>
  <testcase name="checkAddressPhone" time="0.376" classname="com.zzkg.cases.addaddress.AddAddress"/>
  <testcase name="checkAddressPhone" time="0.366" classname="com.zzkg.cases.addaddress.AddAddress"/>
  <testcase name="checkAddressPhone" time="0.386" classname="com.zzkg.cases.addaddress.AddAddress"/>
  <testcase name="checkAddressPhone" time="0.375" classname="com.zzkg.cases.addaddress.AddAddress"/>
  <testcase name="checkAddressPhone" time="0.438" classname="com.zzkg.cases.addaddress.AddAddress"/>
  <testcase name="checkAddressPhone" time="0.396" classname="com.zzkg.cases.addaddress.AddAddress"/>
  <testcase name="checkAddressPhone" time="0.389" classname="com.zzkg.cases.addaddress.AddAddress"/>
  <testcase name="checkAddressPhone" time="0.390" classname="com.zzkg.cases.addaddress.AddAddress"/>
  <testcase name="checkAddressPhone" time="0.406" classname="com.zzkg.cases.addaddress.AddAddress"/>
  <testcase name="checkAddressPhone" time="0.403" classname="com.zzkg.cases.addaddress.AddAddress"/>
  <testcase name="checkAddressPhone" time="0.438" classname="com.zzkg.cases.addaddress.AddAddress"/>
  <testcase name="checkAddressPhone" time="0.437" classname="com.zzkg.cases.addaddress.AddAddress"/>
  <testcase name="checkAddressPhone" time="0.406" classname="com.zzkg.cases.addaddress.AddAddress"/>
  <testcase name="checkAddressPhone" time="0.406" classname="com.zzkg.cases.addaddress.AddAddress"/>
  <testcase name="checkAddressPhone" time="0.422" classname="com.zzkg.cases.addaddress.AddAddress"/>
  <testcase name="checkAddressPhone" time="0.406" classname="com.zzkg.cases.addaddress.AddAddress"/>
</testsuite> <!-- com.zzkg.cases.addaddress.AddAddress -->
