<?xml version="1.0" encoding="UTF-8"?>
<!-- Generated by org.testng.reporters.JUnitReportReporter -->
<testsuite hostname="DESKTOP-MB16O9P" name="com.zzkg.cases.buy.BuyProcess" tests="4" failures="0" timestamp="28 Aug 2017 07:28:11 GMT" time="13.527" errors="0">
  <testcase name="oneGiftInOrder" time="3.878" classname="com.zzkg.cases.buy.BuyProcess"/>
  <testcase name="twoDifferentGoodsInOrder" time="3.481" classname="com.zzkg.cases.buy.BuyProcess"/>
  <testcase name="oneGoodsInOrder" time="2.862" classname="com.zzkg.cases.buy.BuyProcess"/>
  <testcase name="twoDifferentGiftsInOrder" time="3.306" classname="com.zzkg.cases.buy.BuyProcess"/>
</testsuite> <!-- com.zzkg.cases.buy.BuyProcess -->
