<?xml version="1.0" encoding="UTF-8"?>
<!-- Generated by org.testng.reporters.JUnitReportReporter -->
<testsuite hostname="DESKTOP-M6L880B" name="com.zzkg.cases.cart.CheckCart" tests="1" failures="0" timestamp="22 Aug 2017 18:00:40 GMT" time="0.629" errors="0">
  <testcase name="checkCart" time="0.629" classname="com.zzkg.cases.cart.CheckCart"/>
</testsuite> <!-- com.zzkg.cases.cart.CheckCart -->
