<?xml version="1.0" encoding="UTF-8"?>
<!-- Generated by org.testng.reporters.JUnitReportReporter -->
<testsuite hostname="DESKTOP-M6L880B" name="com.zzkg.cases.buy.BuyProcess" tests="4" failures="0" timestamp="27 Aug 2017 15:16:41 GMT" time="12.638" errors="0">
  <testcase name="oneGiftInOrder" time="3.017" classname="com.zzkg.cases.buy.BuyProcess"/>
  <testcase name="twoDifferentGoodsInOrder" time="3.236" classname="com.zzkg.cases.buy.BuyProcess"/>
  <testcase name="oneGoodsInOrder" time="2.923" classname="com.zzkg.cases.buy.BuyProcess"/>
  <testcase name="twoDifferentGiftsInOrder" time="3.462" classname="com.zzkg.cases.buy.BuyProcess"/>
</testsuite> <!-- com.zzkg.cases.buy.BuyProcess -->
