<?xml version="1.0" encoding="UTF-8"?>
<!-- Generated by org.testng.reporters.JUnitReportReporter -->
<testsuite hostname="DESKTOP-MB16O9P" name="com.zzkg.cases.addaddress.CheckAddressPhone" tests="1" failures="0" timestamp="23 Aug 2017 03:38:25 GMT" time="0.579" errors="0">
  <testcase name="addAddress" time="0.579" classname="com.zzkg.cases.addaddress.CheckAddressPhone"/>
</testsuite> <!-- com.zzkg.cases.addaddress.CheckAddressPhone -->
