<?xml version="1.0" encoding="UTF-8"?>
<!-- Generated by org.testng.reporters.JUnitReportReporter -->
<testsuite skipped="0" hostname="DESKTOP-M6L880B" name="test.S" tests="1" failures="0" timestamp="05 九月 2017 14:18:31 GMT" time="0.849" errors="0">
  <testcase name="checkAddAddress" time="0.849" classname="test.S"/>
</testsuite> <!-- test.S -->
