<?xml version="1.0" encoding="UTF-8"?>
<!-- Generated by org.testng.reporters.JUnitReportReporter -->
<testsuite hostname="DESKTOP-M6L880B" name="com.zzkg.cases.addaddress.CheckAddressPhone" tests="1" failures="0" timestamp="22 Aug 2017 18:00:40 GMT" time="0.461" errors="0">
  <testcase name="addAddress" time="0.461" classname="com.zzkg.cases.addaddress.CheckAddressPhone"/>
</testsuite> <!-- com.zzkg.cases.addaddress.CheckAddressPhone -->
